INFO  System info {"apifyVersion":"3.1.2","apifyClientVersion":"2.6.3","crawleeVersion":"3.2.2","osType":"Linux","nodeVersion":"v18.13.0"}
DEBUG HttpCrawler:SessionPool: No 'persistStateKeyValueStoreId' options specified, this session pool's data has been saved in the KeyValueStore with the id: b38a0378-3ae1-488f-99ff-17245cb8afa7
INFO  HttpCrawler: Starting the crawl
DEBUG HttpCrawler:AutoscaledPool:Snapshotter: Setting max memory of this run to 1986 MB. Use the CRAWLEE_MEMORY_MBYTES or CRAWLEE_AVAILABLE_MEMORY_RATIO environment variable to override it.
DEBUG HttpCrawler:SessionPool: Created new Session - session_XJJvkFf1k2
DEBUG HttpCrawler:SessionPool: Created new Session - session_SFBCePdEld
DEBUG HttpCrawler:SessionPool: Created new Session - session_t9iA2r3CL4
DEBUG HttpCrawler:SessionPool: Created new Session - session_za3MZfQRu1
DEBUG HttpCrawler:SessionPool: Created new Session - session_CvireKPoc8
DEBUG HttpCrawler: Page opened. {"label":"STEP_ONE","url":"http://localhost:3000/root?name=React&key=STEP_ONE"}
INFO  HttpCrawler: STEP_ONE {"url":"http://localhost:3000/root?name=React&key=STEP_ONE"}
DEBUG HttpCrawler:SessionPool: Created new Session - session_w4DkdbPYkI
DEBUG HttpCrawler:SessionPool: Created new Session - session_fSEzBh7BG3
DEBUG HttpCrawler: Page opened. {"label":"STEP_ONE","url":"http://localhost:3000/root?name=jQuery&key=STEP_ONE"}
INFO  HttpCrawler: STEP_ONE {"url":"http://localhost:3000/root?name=jQuery&key=STEP_ONE"}
DEBUG HttpCrawler: Page opened. {"label":"STEP_ONE","url":"http://localhost:3000/root?name=Vue.js&key=STEP_ONE"}
INFO  HttpCrawler: STEP_ONE {"url":"http://localhost:3000/root?name=Vue.js&key=STEP_ONE"}
DEBUG HttpCrawler: Page opened. {"label":"STEP_ONE","url":"http://localhost:3000/root?name=Angular&key=STEP_ONE"}
INFO  HttpCrawler: STEP_ONE {"url":"http://localhost:3000/root?name=Angular&key=STEP_ONE"}
DEBUG HttpCrawler:SessionPool: Created new Session - session_Xy3cjBSDjU
DEBUG HttpCrawler:SessionPool: Created new Session - session_EsdQNLKSUW
DEBUG HttpCrawler:SessionPool: Created new Session - session_wHjUQsbm1C
DEBUG HttpCrawler: Page opened. {"label":"STEP_ONE","url":"http://localhost:3000/root?name=Lodash&key=STEP_ONE"}
INFO  HttpCrawler: STEP_ONE {"url":"http://localhost:3000/root?name=Lodash&key=STEP_ONE"}
DEBUG HttpCrawler: Page opened. {"label":"STEP_ONE","url":"http://localhost:3000/root?name=Redux&key=STEP_ONE"}
INFO  HttpCrawler: STEP_ONE {"url":"http://localhost:3000/root?name=Redux&key=STEP_ONE"}
DEBUG HttpCrawler: Page opened. {"label":"STEP_ONE","url":"http://localhost:3000/root?name=D3.js&key=STEP_ONE"}
INFO  HttpCrawler: STEP_ONE {"url":"http://localhost:3000/root?name=D3.js&key=STEP_ONE"}
DEBUG HttpCrawler: Page opened. {"label":"STEP_ONE","url":"http://localhost:3000/root?name=Express&key=STEP_ONE"}
INFO  HttpCrawler: STEP_ONE {"url":"http://localhost:3000/root?name=Express&key=STEP_ONE"}
DEBUG HttpCrawler: Page opened. {"label":"STEP_ONE","url":"http://localhost:3000/root?name=Bootstrap&key=STEP_ONE"}
INFO  HttpCrawler: STEP_ONE {"url":"http://localhost:3000/root?name=Bootstrap&key=STEP_ONE"}
DEBUG HttpCrawler: Page opened. {"label":"STEP_ONE","url":"http://localhost:3000/root?name=Ember.js&key=STEP_ONE"}
INFO  HttpCrawler: STEP_ONE {"url":"http://localhost:3000/root?name=Ember.js&key=STEP_ONE"}
DEBUG HttpCrawler:SessionPool: Created new Session - session_6UApdA5ZqB
DEBUG HttpCrawler:SessionPool: Created new Session - session_grNTjn1FDU
DEBUG HttpCrawler:SessionPool: Created new Session - session_MvXpvumBfh
DEBUG HttpCrawler:SessionPool: Created new Session - session_i4Bvg3cJiL
DEBUG HttpCrawler: Page opened. {"label":"STEP_ONE","url":"http://localhost:3000/root?name=Backbone.js&key=STEP_ONE"}
INFO  HttpCrawler: STEP_ONE {"url":"http://localhost:3000/root?name=Backbone.js&key=STEP_ONE"}
DEBUG HttpCrawler:SessionPool: Created new Session - session_RomY16PcSc
DEBUG HttpCrawler:SessionPool: Created new Session - session_NzsgG7CBcd
DEBUG HttpCrawler:SessionPool: Created new Session - session_RHzJbbO7o2
DEBUG HttpCrawler:SessionPool: Created new Session - session_KBtl6Di18Q
DEBUG HttpCrawler: Page opened. {"label":"STEP_ONE","url":"http://localhost:3000/root?name=Underscore.js&key=STEP_ONE"}
INFO  HttpCrawler: STEP_ONE {"url":"http://localhost:3000/root?name=Underscore.js&key=STEP_ONE"}
DEBUG HttpCrawler: Page opened. {"label":"STEP_ONE","url":"http://localhost:3000/root?name=Moment.js&key=STEP_ONE"}
INFO  HttpCrawler: STEP_ONE {"url":"http://localhost:3000/root?name=Moment.js&key=STEP_ONE"}
DEBUG HttpCrawler: Page opened. {"label":"STEP_ONE","url":"http://localhost:3000/root?name=Chart.js&key=STEP_ONE"}
INFO  HttpCrawler: STEP_ONE {"url":"http://localhost:3000/root?name=Chart.js&key=STEP_ONE"}
DEBUG HttpCrawler:SessionPool: Created new Session - session_prTPYMSIzT
DEBUG HttpCrawler:SessionPool: Created new Session - session_ZE34c20apR
DEBUG HttpCrawler: Page opened. {"label":"STEP_ONE","url":"http://localhost:3000/root?name=Socket.IO&key=STEP_ONE"}
INFO  HttpCrawler: STEP_ONE {"url":"http://localhost:3000/root?name=Socket.IO&key=STEP_ONE"}
DEBUG HttpCrawler: Page opened. {"label":"STEP_ONE","url":"http://localhost:3000/root?name=Three.js&key=STEP_ONE"}
INFO  HttpCrawler: STEP_ONE {"url":"http://localhost:3000/root?name=Three.js&key=STEP_ONE"}
DEBUG HttpCrawler: Page opened. {"label":"STEP_ONE","url":"http://localhost:3000/root?name=Mocha&key=STEP_ONE"}
INFO  HttpCrawler: STEP_ONE {"url":"http://localhost:3000/root?name=Mocha&key=STEP_ONE"}
DEBUG HttpCrawler: Page opened. {"label":"STEP_ONE","url":"http://localhost:3000/root?name=Jest&key=STEP_ONE"}
INFO  HttpCrawler: STEP_ONE {"url":"http://localhost:3000/root?name=Jest&key=STEP_ONE"}
DEBUG HttpCrawler: Page opened. {"label":"STEP_ONE","url":"http://localhost:3000/root?name=Gulp&key=STEP_ONE"}
INFO  HttpCrawler: STEP_ONE {"url":"http://localhost:3000/root?name=Gulp&key=STEP_ONE"}
DEBUG HttpCrawler: Page opened. {"label":"STEP_ONE","url":"http://localhost:3000/root?name=Grunt&key=STEP_ONE"}
INFO  HttpCrawler: STEP_ONE {"url":"http://localhost:3000/root?name=Grunt&key=STEP_ONE"}
DEBUG HttpCrawler:SessionPool: Created new Session - session_f2V8jpaQwH
DEBUG HttpCrawler:SessionPool: Created new Session - session_YJ5dkL2UJY
DEBUG HttpCrawler:SessionPool: Created new Session - session_RzMItw7Ppu
DEBUG HttpCrawler:SessionPool: Created new Session - session_n5BjML0RFb
DEBUG HttpCrawler: Page opened. {"label":"STEP_TWO","url":"http://localhost:3000/root?name=React&key=STEP_TWO"}
INFO  HttpCrawler: STEP_TWO {"url":"http://localhost:3000/root?name=React&key=STEP_TWO"}
DEBUG HttpCrawler: Page opened. {"label":"STEP_TWO","url":"http://localhost:3000/root?name=Vue.js&key=STEP_TWO"}
INFO  HttpCrawler: STEP_TWO {"url":"http://localhost:3000/root?name=Vue.js&key=STEP_TWO"}
DEBUG HttpCrawler: Page opened. {"label":"STEP_TWO","url":"http://localhost:3000/root?name=jQuery&key=STEP_TWO"}
INFO  HttpCrawler: STEP_TWO {"url":"http://localhost:3000/root?name=jQuery&key=STEP_TWO"}
DEBUG HttpCrawler:SessionPool: Created new Session - session_r0OINBqoXl
DEBUG HttpCrawler:SessionPool: Created new Session - session_UMzmb51v1G
DEBUG HttpCrawler:SessionPool: Created new Session - session_c0wOyyH4Xa
DEBUG HttpCrawler: Page opened. {"label":"STEP_TWO","url":"http://localhost:3000/root?name=Angular&key=STEP_TWO"}
INFO  HttpCrawler: STEP_TWO {"url":"http://localhost:3000/root?name=Angular&key=STEP_TWO"}
DEBUG HttpCrawler:SessionPool: Created new Session - session_ierlgPF4xv
DEBUG HttpCrawler:SessionPool: Created new Session - session_4rTyhROmnM
DEBUG HttpCrawler:SessionPool: Created new Session - session_KTt14hzzKx
DEBUG HttpCrawler: Page opened. {"label":"STEP_TWO","url":"http://localhost:3000/root?name=Lodash&key=STEP_TWO"}
INFO  HttpCrawler: STEP_TWO {"url":"http://localhost:3000/root?name=Lodash&key=STEP_TWO"}
DEBUG HttpCrawler: Page opened. {"label":"STEP_TWO","url":"http://localhost:3000/root?name=D3.js&key=STEP_TWO"}
INFO  HttpCrawler: STEP_TWO {"url":"http://localhost:3000/root?name=D3.js&key=STEP_TWO"}
DEBUG HttpCrawler: Page opened. {"label":"STEP_TWO","url":"http://localhost:3000/root?name=Redux&key=STEP_TWO"}
INFO  HttpCrawler: STEP_TWO {"url":"http://localhost:3000/root?name=Redux&key=STEP_TWO"}
DEBUG HttpCrawler: Page opened. {"label":"STEP_TWO","url":"http://localhost:3000/root?name=Express&key=STEP_TWO"}
INFO  HttpCrawler: STEP_TWO {"url":"http://localhost:3000/root?name=Express&key=STEP_TWO"}
DEBUG HttpCrawler: Page opened. {"label":"STEP_TWO","url":"http://localhost:3000/root?name=Bootstrap&key=STEP_TWO"}
INFO  HttpCrawler: STEP_TWO {"url":"http://localhost:3000/root?name=Bootstrap&key=STEP_TWO"}
DEBUG HttpCrawler: Page opened. {"label":"STEP_TWO","url":"http://localhost:3000/root?name=Ember.js&key=STEP_TWO"}
INFO  HttpCrawler: STEP_TWO {"url":"http://localhost:3000/root?name=Ember.js&key=STEP_TWO"}
DEBUG HttpCrawler:SessionPool: Created new Session - session_OGHicbrGou
DEBUG HttpCrawler:SessionPool: Created new Session - session_7AiBGtmyP4
DEBUG HttpCrawler:SessionPool: Created new Session - session_xhEdF5lpr2
DEBUG HttpCrawler:SessionPool: Created new Session - session_OEN5YxErsr
DEBUG HttpCrawler: Page opened. {"label":"STEP_TWO","url":"http://localhost:3000/root?name=Backbone.js&key=STEP_TWO"}
INFO  HttpCrawler: STEP_TWO {"url":"http://localhost:3000/root?name=Backbone.js&key=STEP_TWO"}
DEBUG HttpCrawler: Page opened. {"label":"STEP_TWO","url":"http://localhost:3000/root?name=Underscore.js&key=STEP_TWO"}
INFO  HttpCrawler: STEP_TWO {"url":"http://localhost:3000/root?name=Underscore.js&key=STEP_TWO"}
DEBUG HttpCrawler:SessionPool: Created new Session - session_bZwx6E30Wo
DEBUG HttpCrawler:SessionPool: Created new Session - session_f1lBHGdf5D
DEBUG HttpCrawler:SessionPool: Created new Session - session_iiQ70DoRia
DEBUG HttpCrawler:SessionPool: Created new Session - session_GNfIeGKKJj
DEBUG HttpCrawler: Page opened. {"label":"STEP_TWO","url":"http://localhost:3000/root?name=Chart.js&key=STEP_TWO"}
INFO  HttpCrawler: STEP_TWO {"url":"http://localhost:3000/root?name=Chart.js&key=STEP_TWO"}
DEBUG HttpCrawler: Page opened. {"label":"STEP_TWO","url":"http://localhost:3000/root?name=Moment.js&key=STEP_TWO"}
INFO  HttpCrawler: STEP_TWO {"url":"http://localhost:3000/root?name=Moment.js&key=STEP_TWO"}
DEBUG HttpCrawler:SessionPool: Created new Session - session_Y1co1glM4d
DEBUG HttpCrawler:SessionPool: Created new Session - session_LvJqubjisY
DEBUG HttpCrawler: Page opened. {"label":"STEP_TWO","url":"http://localhost:3000/root?name=Socket.IO&key=STEP_TWO"}
INFO  HttpCrawler: STEP_TWO {"url":"http://localhost:3000/root?name=Socket.IO&key=STEP_TWO"}
DEBUG HttpCrawler: Page opened. {"label":"STEP_TWO","url":"http://localhost:3000/root?name=Three.js&key=STEP_TWO"}
INFO  HttpCrawler: STEP_TWO {"url":"http://localhost:3000/root?name=Three.js&key=STEP_TWO"}
DEBUG HttpCrawler: Page opened. {"label":"STEP_TWO","url":"http://localhost:3000/root?name=Jest&key=STEP_TWO"}
INFO  HttpCrawler: STEP_TWO {"url":"http://localhost:3000/root?name=Jest&key=STEP_TWO"}
DEBUG HttpCrawler: Page opened. {"label":"STEP_TWO","url":"http://localhost:3000/root?name=Mocha&key=STEP_TWO"}
INFO  HttpCrawler: STEP_TWO {"url":"http://localhost:3000/root?name=Mocha&key=STEP_TWO"}
DEBUG HttpCrawler: Page opened. {"label":"STEP_TWO","url":"http://localhost:3000/root?name=Gulp&key=STEP_TWO"}
INFO  HttpCrawler: STEP_TWO {"url":"http://localhost:3000/root?name=Gulp&key=STEP_TWO"}
DEBUG HttpCrawler: Page opened. {"label":"STEP_TWO","url":"http://localhost:3000/root?name=Grunt&key=STEP_TWO"}
INFO  HttpCrawler: STEP_TWO {"url":"http://localhost:3000/root?name=Grunt&key=STEP_TWO"}
DEBUG HttpCrawler:SessionPool: Created new Session - session_y1tBR7auEO
DEBUG HttpCrawler:SessionPool: Created new Session - session_XC7HUJJAzw
DEBUG HttpCrawler:SessionPool: Created new Session - session_e82RNpZ9z9
DEBUG HttpCrawler:SessionPool: Created new Session - session_D9k8lRmJZu
DEBUG HttpCrawler: Page opened. {"label":"STEP_THREE","url":"http://localhost:3000/root?name=React&key=STEP_THREE"}
INFO  HttpCrawler: STEP_THREE {"url":"http://localhost:3000/root?name=React&key=STEP_THREE"}
DEBUG HttpCrawler: Page opened. {"label":"STEP_THREE","url":"http://localhost:3000/root?name=jQuery&key=STEP_THREE"}
INFO  HttpCrawler: STEP_THREE {"url":"http://localhost:3000/root?name=jQuery&key=STEP_THREE"}
DEBUG HttpCrawler:SessionPool: Created new Session - session_RzXu9am21v
DEBUG HttpCrawler: Page opened. {"label":"STEP_THREE","url":"http://localhost:3000/root?name=Vue.js&key=STEP_THREE"}
INFO  HttpCrawler: STEP_THREE {"url":"http://localhost:3000/root?name=Vue.js&key=STEP_THREE"}
DEBUG HttpCrawler:SessionPool: Created new Session - session_IUnD6EgyQZ
DEBUG HttpCrawler:SessionPool: Created new Session - session_3U2jDUVhCt
DEBUG HttpCrawler:SessionPool: Created new Session - session_IFim6a04LQ
DEBUG HttpCrawler: Page opened. {"label":"STEP_THREE","url":"http://localhost:3000/root?name=Angular&key=STEP_THREE"}
INFO  HttpCrawler: STEP_THREE {"url":"http://localhost:3000/root?name=Angular&key=STEP_THREE"}
DEBUG HttpCrawler:SessionPool: Created new Session - session_petjfMYeWD
DEBUG HttpCrawler: Page opened. {"label":"STEP_THREE","url":"http://localhost:3000/root?name=Lodash&key=STEP_THREE"}
INFO  HttpCrawler: STEP_THREE {"url":"http://localhost:3000/root?name=Lodash&key=STEP_THREE"}
DEBUG HttpCrawler: Page opened. {"label":"STEP_THREE","url":"http://localhost:3000/root?name=D3.js&key=STEP_THREE"}
INFO  HttpCrawler: STEP_THREE {"url":"http://localhost:3000/root?name=D3.js&key=STEP_THREE"}
DEBUG HttpCrawler: Page opened. {"label":"STEP_THREE","url":"http://localhost:3000/root?name=Redux&key=STEP_THREE"}
INFO  HttpCrawler: STEP_THREE {"url":"http://localhost:3000/root?name=Redux&key=STEP_THREE"}
DEBUG HttpCrawler: Page opened. {"label":"STEP_THREE","url":"http://localhost:3000/root?name=Express&key=STEP_THREE"}
INFO  HttpCrawler: STEP_THREE {"url":"http://localhost:3000/root?name=Express&key=STEP_THREE"}
DEBUG HttpCrawler:SessionPool: Created new Session - session_yaje84gOwf
DEBUG HttpCrawler: Page opened. {"label":"STEP_THREE","url":"http://localhost:3000/root?name=Bootstrap&key=STEP_THREE"}
INFO  HttpCrawler: STEP_THREE {"url":"http://localhost:3000/root?name=Bootstrap&key=STEP_THREE"}
DEBUG HttpCrawler: Page opened. {"label":"STEP_THREE","url":"http://localhost:3000/root?name=Ember.js&key=STEP_THREE"}
INFO  HttpCrawler: STEP_THREE {"url":"http://localhost:3000/root?name=Ember.js&key=STEP_THREE"}
DEBUG HttpCrawler:SessionPool: Created new Session - session_ihgkEpSkZe
DEBUG HttpCrawler:SessionPool: Created new Session - session_Fhjmoz99uy
DEBUG HttpCrawler:SessionPool: Created new Session - session_pnBVsHMqqI
DEBUG HttpCrawler:SessionPool: Created new Session - session_joJ18HiXEd
DEBUG HttpCrawler: Page opened. {"label":"STEP_THREE","url":"http://localhost:3000/root?name=Backbone.js&key=STEP_THREE"}
INFO  HttpCrawler: STEP_THREE {"url":"http://localhost:3000/root?name=Backbone.js&key=STEP_THREE"}
DEBUG HttpCrawler: Page opened. {"label":"STEP_THREE","url":"http://localhost:3000/root?name=Underscore.js&key=STEP_THREE"}
INFO  HttpCrawler: STEP_THREE {"url":"http://localhost:3000/root?name=Underscore.js&key=STEP_THREE"}
DEBUG HttpCrawler:SessionPool: Created new Session - session_fanDESN7C6
DEBUG HttpCrawler: Page opened. {"label":"STEP_THREE","url":"http://localhost:3000/root?name=Moment.js&key=STEP_THREE"}
INFO  HttpCrawler: STEP_THREE {"url":"http://localhost:3000/root?name=Moment.js&key=STEP_THREE"}
DEBUG HttpCrawler: Page opened. {"label":"STEP_THREE","url":"http://localhost:3000/root?name=Chart.js&key=STEP_THREE"}
INFO  HttpCrawler: STEP_THREE {"url":"http://localhost:3000/root?name=Chart.js&key=STEP_THREE"}
DEBUG HttpCrawler:SessionPool: Created new Session - session_nRTCEKvODd
DEBUG HttpCrawler:SessionPool: Created new Session - session_gcO95v91Uy
DEBUG HttpCrawler:SessionPool: Created new Session - session_O4AX4xXQEu
DEBUG HttpCrawler:SessionPool: Created new Session - session_yrwZwamhsm
DEBUG HttpCrawler:SessionPool: Created new Session - session_vRjsugTU7g
DEBUG HttpCrawler: Page opened. {"label":"STEP_THREE","url":"http://localhost:3000/root?name=Socket.IO&key=STEP_THREE"}
INFO  HttpCrawler: STEP_THREE {"url":"http://localhost:3000/root?name=Socket.IO&key=STEP_THREE"}
DEBUG HttpCrawler: Page opened. {"label":"STEP_THREE","url":"http://localhost:3000/root?name=Three.js&key=STEP_THREE"}
INFO  HttpCrawler: STEP_THREE {"url":"http://localhost:3000/root?name=Three.js&key=STEP_THREE"}
DEBUG HttpCrawler: Page opened. {"label":"STEP_THREE","url":"http://localhost:3000/root?name=Mocha&key=STEP_THREE"}
INFO  HttpCrawler: STEP_THREE {"url":"http://localhost:3000/root?name=Mocha&key=STEP_THREE"}
DEBUG HttpCrawler: Page opened. {"label":"STEP_THREE","url":"http://localhost:3000/root?name=Jest&key=STEP_THREE"}
INFO  HttpCrawler: STEP_THREE {"url":"http://localhost:3000/root?name=Jest&key=STEP_THREE"}
DEBUG HttpCrawler: Page opened. {"label":"STEP_THREE","url":"http://localhost:3000/root?name=Gulp&key=STEP_THREE"}
INFO  HttpCrawler: STEP_THREE {"url":"http://localhost:3000/root?name=Gulp&key=STEP_THREE"}
DEBUG HttpCrawler: Page opened. {"label":"STEP_THREE","url":"http://localhost:3000/root?name=Grunt&key=STEP_THREE"}
INFO  HttpCrawler: STEP_THREE {"url":"http://localhost:3000/root?name=Grunt&key=STEP_THREE"}
INFO  HttpCrawler: All requests from the queue have been processed, the crawler will shut down.
DEBUG HttpCrawler:SessionPool: Persisting state {"persistStateKey":"SDK_SESSION_POOL_STATE"}
DEBUG Statistics: Persisting state {"persistStateKey":"SDK_CRAWLER_STATISTICS_0"}
DEBUG HttpCrawler:SessionPool: Persisting state {"persistStateKey":"SDK_SESSION_POOL_STATE"}
DEBUG Statistics: Persisting state {"persistStateKey":"SDK_CRAWLER_STATISTICS_0"}
INFO  HttpCrawler: Crawl finished. Final request statistics: {"requestsFinished":60,"requestsFailed":0,"retryHistogram":[60],"requestAvgFailedDurationMillis":null,"requestAvgFinishedDurationMillis":49,"requestsFinishedPerMinute":7660,"requestsFailedPerMinute":0,"requestTotalDurationMillis":2919,"requestsTotal":60,"crawlerRuntimeMillis":470}
ERROR Missing entries
DEBUG Waiting for all event listeners to complete their execution (with 30 seconds timeout)
INFO  Actor finished successfully (exit code 0)