INFO  System info {"apifyVersion":"3.1.2","apifyClientVersion":"2.6.3","crawleeVersion":"3.2.2","osType":"Linux","nodeVersion":"v18.13.0"}
DEBUG HttpCrawler:SessionPool: No 'persistStateKeyValueStoreId' options specified, this session pool's data has been saved in the KeyValueStore with the id: 6d1bd0a1-bc69-412e-8f54-73842629be3b
INFO  HttpCrawler: Starting the crawl
DEBUG HttpCrawler:AutoscaledPool:Snapshotter: Setting max memory of this run to 1986 MB. Use the CRAWLEE_MEMORY_MBYTES or CRAWLEE_AVAILABLE_MEMORY_RATIO environment variable to override it.
DEBUG HttpCrawler:SessionPool: Created new Session - session_WxQrGZLvHj
DEBUG HttpCrawler:SessionPool: Created new Session - session_R7bIOXz6Ri
DEBUG HttpCrawler:SessionPool: Created new Session - session_M93hCWpRFN
DEBUG HttpCrawler:SessionPool: Created new Session - session_AtJ8h3I0eZ
DEBUG HttpCrawler:SessionPool: Created new Session - session_nWQmmKBw25
DEBUG HttpCrawler:SessionPool: Created new Session - session_bPAojEVdd6
DEBUG HttpCrawler: Page opened. {"label":"STEP_ONE","url":"http://localhost:3000/root?name=React&key=STEP_ONE"}
INFO  HttpCrawler: STEP_ONE {"url":"http://localhost:3000/root?name=React&key=STEP_ONE"}
DEBUG HttpCrawler: Page opened. {"label":"STEP_ONE","url":"http://localhost:3000/root?name=Vue.js&key=STEP_ONE"}
INFO  HttpCrawler: STEP_ONE {"url":"http://localhost:3000/root?name=Vue.js&key=STEP_ONE"}
DEBUG HttpCrawler:SessionPool: Created new Session - session_pIOEzRSpib
DEBUG HttpCrawler: Page opened. {"label":"STEP_ONE","url":"http://localhost:3000/root?name=Angular&key=STEP_ONE"}
INFO  HttpCrawler: STEP_ONE {"url":"http://localhost:3000/root?name=Angular&key=STEP_ONE"}
DEBUG HttpCrawler: Page opened. {"label":"STEP_ONE","url":"http://localhost:3000/root?name=jQuery&key=STEP_ONE"}
INFO  HttpCrawler: STEP_ONE {"url":"http://localhost:3000/root?name=jQuery&key=STEP_ONE"}
DEBUG HttpCrawler:SessionPool: Created new Session - session_fjyrHtisv8
DEBUG HttpCrawler: Page opened. {"label":"STEP_ONE","url":"http://localhost:3000/root?name=Lodash&key=STEP_ONE"}
INFO  HttpCrawler: STEP_ONE {"url":"http://localhost:3000/root?name=Lodash&key=STEP_ONE"}
DEBUG HttpCrawler:SessionPool: Created new Session - session_G8fP580nOF
DEBUG HttpCrawler:SessionPool: Created new Session - session_keZ9ENNMH8
DEBUG HttpCrawler: Page opened. {"label":"STEP_ONE","url":"http://localhost:3000/root?name=Redux&key=STEP_ONE"}
INFO  HttpCrawler: STEP_ONE {"url":"http://localhost:3000/root?name=Redux&key=STEP_ONE"}
DEBUG HttpCrawler: Page opened. {"label":"STEP_ONE","url":"http://localhost:3000/root?name=D3.js&key=STEP_ONE"}
INFO  HttpCrawler: STEP_ONE {"url":"http://localhost:3000/root?name=D3.js&key=STEP_ONE"}
DEBUG HttpCrawler: Page opened. {"label":"STEP_ONE","url":"http://localhost:3000/root?name=Express&key=STEP_ONE"}
INFO  HttpCrawler: STEP_ONE {"url":"http://localhost:3000/root?name=Express&key=STEP_ONE"}
DEBUG HttpCrawler: Page opened. {"label":"STEP_ONE","url":"http://localhost:3000/root?name=Bootstrap&key=STEP_ONE"}
INFO  HttpCrawler: STEP_ONE {"url":"http://localhost:3000/root?name=Bootstrap&key=STEP_ONE"}
DEBUG HttpCrawler: Page opened. {"label":"STEP_ONE","url":"http://localhost:3000/root?name=Ember.js&key=STEP_ONE"}
INFO  HttpCrawler: STEP_ONE {"url":"http://localhost:3000/root?name=Ember.js&key=STEP_ONE"}
DEBUG HttpCrawler:SessionPool: Created new Session - session_vjJXN0bmkc
DEBUG HttpCrawler:SessionPool: Created new Session - session_TB5ZsmmJ5a
DEBUG HttpCrawler:SessionPool: Created new Session - session_4fv5SFsMlb
DEBUG HttpCrawler:SessionPool: Created new Session - session_e5K6ZQ8TRe
DEBUG HttpCrawler:SessionPool: Created new Session - session_BzDjC7P8nV
DEBUG HttpCrawler:SessionPool: Created new Session - session_oMCdUevzpp
DEBUG HttpCrawler:SessionPool: Created new Session - session_0iF1zXFJxm
DEBUG HttpCrawler: Page opened. {"label":"STEP_ONE","url":"http://localhost:3000/root?name=Backbone.js&key=STEP_ONE"}
INFO  HttpCrawler: STEP_ONE {"url":"http://localhost:3000/root?name=Backbone.js&key=STEP_ONE"}
DEBUG HttpCrawler: Page opened. {"label":"STEP_ONE","url":"http://localhost:3000/root?name=Underscore.js&key=STEP_ONE"}
INFO  HttpCrawler: STEP_ONE {"url":"http://localhost:3000/root?name=Underscore.js&key=STEP_ONE"}
DEBUG HttpCrawler: Page opened. {"label":"STEP_ONE","url":"http://localhost:3000/root?name=Moment.js&key=STEP_ONE"}
INFO  HttpCrawler: STEP_ONE {"url":"http://localhost:3000/root?name=Moment.js&key=STEP_ONE"}
DEBUG HttpCrawler: Page opened. {"label":"STEP_ONE","url":"http://localhost:3000/root?name=Chart.js&key=STEP_ONE"}
INFO  HttpCrawler: STEP_ONE {"url":"http://localhost:3000/root?name=Chart.js&key=STEP_ONE"}
DEBUG HttpCrawler: Page opened. {"label":"STEP_ONE","url":"http://localhost:3000/root?name=Socket.IO&key=STEP_ONE"}
INFO  HttpCrawler: STEP_ONE {"url":"http://localhost:3000/root?name=Socket.IO&key=STEP_ONE"}
DEBUG HttpCrawler:SessionPool: Created new Session - session_cEn478eUZ0
DEBUG HttpCrawler: Page opened. {"label":"STEP_ONE","url":"http://localhost:3000/root?name=Three.js&key=STEP_ONE"}
INFO  HttpCrawler: STEP_ONE {"url":"http://localhost:3000/root?name=Three.js&key=STEP_ONE"}
DEBUG HttpCrawler: Page opened. {"label":"STEP_ONE","url":"http://localhost:3000/root?name=Mocha&key=STEP_ONE"}
INFO  HttpCrawler: STEP_ONE {"url":"http://localhost:3000/root?name=Mocha&key=STEP_ONE"}
DEBUG HttpCrawler:SessionPool: Created new Session - session_6FsyYJOb6u
DEBUG HttpCrawler:SessionPool: Created new Session - session_2Vqd7VBi7U
DEBUG HttpCrawler: Page opened. {"label":"STEP_ONE","url":"http://localhost:3000/root?name=Jest&key=STEP_ONE"}
INFO  HttpCrawler: STEP_ONE {"url":"http://localhost:3000/root?name=Jest&key=STEP_ONE"}
DEBUG HttpCrawler: Page opened. {"label":"STEP_ONE","url":"http://localhost:3000/root?name=Gulp&key=STEP_ONE"}
INFO  HttpCrawler: STEP_ONE {"url":"http://localhost:3000/root?name=Gulp&key=STEP_ONE"}
DEBUG HttpCrawler: Page opened. {"label":"STEP_ONE","url":"http://localhost:3000/root?name=Grunt&key=STEP_ONE"}
INFO  HttpCrawler: STEP_ONE {"url":"http://localhost:3000/root?name=Grunt&key=STEP_ONE"}
DEBUG HttpCrawler:SessionPool: Created new Session - session_Ldg0H3hq6f
DEBUG HttpCrawler:SessionPool: Created new Session - session_FwRJx9ZmIJ
DEBUG HttpCrawler:SessionPool: Created new Session - session_4Mn5aPRtRl
DEBUG HttpCrawler:SessionPool: Created new Session - session_SkaS18ipXG
DEBUG HttpCrawler:SessionPool: Created new Session - session_woS5J793u9
DEBUG HttpCrawler:SessionPool: Created new Session - session_OuXtDnlDhg
DEBUG HttpCrawler:SessionPool: Created new Session - session_yrgqspQBbz
DEBUG HttpCrawler: Page opened. {"label":"STEP_TWO","url":"http://localhost:3000/root?name=Vue.js&key=STEP_TWO"}
INFO  HttpCrawler: STEP_TWO {"url":"http://localhost:3000/root?name=Vue.js&key=STEP_TWO"}
DEBUG HttpCrawler: Page opened. {"label":"STEP_TWO","url":"http://localhost:3000/root?name=React&key=STEP_TWO"}
INFO  HttpCrawler: STEP_TWO {"url":"http://localhost:3000/root?name=React&key=STEP_TWO"}
DEBUG HttpCrawler: Page opened. {"label":"STEP_TWO","url":"http://localhost:3000/root?name=Angular&key=STEP_TWO"}
INFO  HttpCrawler: STEP_TWO {"url":"http://localhost:3000/root?name=Angular&key=STEP_TWO"}
DEBUG HttpCrawler: Page opened. {"label":"STEP_TWO","url":"http://localhost:3000/root?name=jQuery&key=STEP_TWO"}
INFO  HttpCrawler: STEP_TWO {"url":"http://localhost:3000/root?name=jQuery&key=STEP_TWO"}
DEBUG HttpCrawler:SessionPool: Created new Session - session_QJR51EwU6Q
DEBUG HttpCrawler:SessionPool: Created new Session - session_XsDvE9ZVCO
DEBUG HttpCrawler:SessionPool: Created new Session - session_H5Bh4EpTiw
DEBUG HttpCrawler: Page opened. {"label":"STEP_TWO","url":"http://localhost:3000/root?name=Lodash&key=STEP_TWO"}
INFO  HttpCrawler: STEP_TWO {"url":"http://localhost:3000/root?name=Lodash&key=STEP_TWO"}
DEBUG HttpCrawler: Page opened. {"label":"STEP_TWO","url":"http://localhost:3000/root?name=Redux&key=STEP_TWO"}
INFO  HttpCrawler: STEP_TWO {"url":"http://localhost:3000/root?name=Redux&key=STEP_TWO"}
DEBUG HttpCrawler: Page opened. {"label":"STEP_TWO","url":"http://localhost:3000/root?name=D3.js&key=STEP_TWO"}
INFO  HttpCrawler: STEP_TWO {"url":"http://localhost:3000/root?name=D3.js&key=STEP_TWO"}
DEBUG HttpCrawler: Page opened. {"label":"STEP_TWO","url":"http://localhost:3000/root?name=Express&key=STEP_TWO"}
INFO  HttpCrawler: STEP_TWO {"url":"http://localhost:3000/root?name=Express&key=STEP_TWO"}
DEBUG HttpCrawler: Page opened. {"label":"STEP_TWO","url":"http://localhost:3000/root?name=Ember.js&key=STEP_TWO"}
INFO  HttpCrawler: STEP_TWO {"url":"http://localhost:3000/root?name=Ember.js&key=STEP_TWO"}
DEBUG HttpCrawler: Page opened. {"label":"STEP_TWO","url":"http://localhost:3000/root?name=Bootstrap&key=STEP_TWO"}
INFO  HttpCrawler: STEP_TWO {"url":"http://localhost:3000/root?name=Bootstrap&key=STEP_TWO"}
DEBUG HttpCrawler:SessionPool: Created new Session - session_H3BjdDMUKj
DEBUG HttpCrawler:SessionPool: Created new Session - session_pdKBc413ji
DEBUG HttpCrawler:SessionPool: Created new Session - session_jfRxlHDFI1
DEBUG HttpCrawler:SessionPool: Created new Session - session_jbuLwlg1bA
DEBUG HttpCrawler: Page opened. {"label":"STEP_TWO","url":"http://localhost:3000/root?name=Backbone.js&key=STEP_TWO"}
INFO  HttpCrawler: STEP_TWO {"url":"http://localhost:3000/root?name=Backbone.js&key=STEP_TWO"}
DEBUG HttpCrawler:SessionPool: Created new Session - session_9jMammIaes
DEBUG HttpCrawler:SessionPool: Created new Session - session_C6sXEqoRtU
DEBUG HttpCrawler:SessionPool: Created new Session - session_dTwEj7CChU
DEBUG HttpCrawler: Page opened. {"label":"STEP_TWO","url":"http://localhost:3000/root?name=Underscore.js&key=STEP_TWO"}
INFO  HttpCrawler: STEP_TWO {"url":"http://localhost:3000/root?name=Underscore.js&key=STEP_TWO"}
DEBUG HttpCrawler: Page opened. {"label":"STEP_TWO","url":"http://localhost:3000/root?name=Chart.js&key=STEP_TWO"}
INFO  HttpCrawler: STEP_TWO {"url":"http://localhost:3000/root?name=Chart.js&key=STEP_TWO"}
DEBUG HttpCrawler: Page opened. {"label":"STEP_TWO","url":"http://localhost:3000/root?name=Moment.js&key=STEP_TWO"}
INFO  HttpCrawler: STEP_TWO {"url":"http://localhost:3000/root?name=Moment.js&key=STEP_TWO"}
DEBUG HttpCrawler: Page opened. {"label":"STEP_TWO","url":"http://localhost:3000/root?name=Socket.IO&key=STEP_TWO"}
INFO  HttpCrawler: STEP_TWO {"url":"http://localhost:3000/root?name=Socket.IO&key=STEP_TWO"}
DEBUG HttpCrawler: Page opened. {"label":"STEP_TWO","url":"http://localhost:3000/root?name=Mocha&key=STEP_TWO"}
INFO  HttpCrawler: STEP_TWO {"url":"http://localhost:3000/root?name=Mocha&key=STEP_TWO"}
DEBUG HttpCrawler: Page opened. {"label":"STEP_TWO","url":"http://localhost:3000/root?name=Three.js&key=STEP_TWO"}
INFO  HttpCrawler: STEP_TWO {"url":"http://localhost:3000/root?name=Three.js&key=STEP_TWO"}
DEBUG HttpCrawler:SessionPool: Created new Session - session_OwiEgL7yU1
DEBUG HttpCrawler:SessionPool: Created new Session - session_849Gu1KNJ6
DEBUG HttpCrawler:SessionPool: Created new Session - session_rK0TPH84zr
DEBUG HttpCrawler: Page opened. {"label":"STEP_TWO","url":"http://localhost:3000/root?name=Gulp&key=STEP_TWO"}
INFO  HttpCrawler: STEP_TWO {"url":"http://localhost:3000/root?name=Gulp&key=STEP_TWO"}
DEBUG HttpCrawler: Page opened. {"label":"STEP_TWO","url":"http://localhost:3000/root?name=Grunt&key=STEP_TWO"}
INFO  HttpCrawler: STEP_TWO {"url":"http://localhost:3000/root?name=Grunt&key=STEP_TWO"}
DEBUG HttpCrawler: Page opened. {"label":"STEP_TWO","url":"http://localhost:3000/root?name=Jest&key=STEP_TWO"}
INFO  HttpCrawler: STEP_TWO {"url":"http://localhost:3000/root?name=Jest&key=STEP_TWO"}
DEBUG HttpCrawler:SessionPool: Created new Session - session_h9sZmfmMjy
DEBUG HttpCrawler:SessionPool: Created new Session - session_BeSZ7RgFlM
DEBUG HttpCrawler:SessionPool: Created new Session - session_hP1csxkxd1
DEBUG HttpCrawler:SessionPool: Created new Session - session_OIbB2VINWj
DEBUG HttpCrawler:SessionPool: Created new Session - session_5vkV8L7CQW
DEBUG HttpCrawler:SessionPool: Created new Session - session_3iBgJP0oj6
DEBUG HttpCrawler: Page opened. {"label":"STEP_THREE","url":"http://localhost:3000/root?name=Vue.js&key=STEP_THREE"}
INFO  HttpCrawler: STEP_THREE {"url":"http://localhost:3000/root?name=Vue.js&key=STEP_THREE"}
DEBUG HttpCrawler: Page opened. {"label":"STEP_THREE","url":"http://localhost:3000/root?name=React&key=STEP_THREE"}
INFO  HttpCrawler: STEP_THREE {"url":"http://localhost:3000/root?name=React&key=STEP_THREE"}
DEBUG HttpCrawler: Page opened. {"label":"STEP_THREE","url":"http://localhost:3000/root?name=Angular&key=STEP_THREE"}
INFO  HttpCrawler: STEP_THREE {"url":"http://localhost:3000/root?name=Angular&key=STEP_THREE"}
DEBUG HttpCrawler: Page opened. {"label":"STEP_THREE","url":"http://localhost:3000/root?name=jQuery&key=STEP_THREE"}
INFO  HttpCrawler: STEP_THREE {"url":"http://localhost:3000/root?name=jQuery&key=STEP_THREE"}
DEBUG HttpCrawler:SessionPool: Created new Session - session_k4QDYLlehj
DEBUG HttpCrawler: Page opened. {"label":"STEP_THREE","url":"http://localhost:3000/root?name=Lodash&key=STEP_THREE"}
INFO  HttpCrawler: STEP_THREE {"url":"http://localhost:3000/root?name=Lodash&key=STEP_THREE"}
DEBUG HttpCrawler: Page opened. {"label":"STEP_THREE","url":"http://localhost:3000/root?name=D3.js&key=STEP_THREE"}
INFO  HttpCrawler: STEP_THREE {"url":"http://localhost:3000/root?name=D3.js&key=STEP_THREE"}
DEBUG HttpCrawler:SessionPool: Created new Session - session_fnc6O9oi1e
DEBUG HttpCrawler:SessionPool: Created new Session - session_4Nknip5tZG
DEBUG HttpCrawler:SessionPool: Created new Session - session_7f6zwlgR4B
DEBUG HttpCrawler: Page opened. {"label":"STEP_THREE","url":"http://localhost:3000/root?name=Redux&key=STEP_THREE"}
INFO  HttpCrawler: STEP_THREE {"url":"http://localhost:3000/root?name=Redux&key=STEP_THREE"}
DEBUG HttpCrawler: Page opened. {"label":"STEP_THREE","url":"http://localhost:3000/root?name=Express&key=STEP_THREE"}
INFO  HttpCrawler: STEP_THREE {"url":"http://localhost:3000/root?name=Express&key=STEP_THREE"}
DEBUG HttpCrawler: Page opened. {"label":"STEP_THREE","url":"http://localhost:3000/root?name=Ember.js&key=STEP_THREE"}
INFO  HttpCrawler: STEP_THREE {"url":"http://localhost:3000/root?name=Ember.js&key=STEP_THREE"}
DEBUG HttpCrawler: Page opened. {"label":"STEP_THREE","url":"http://localhost:3000/root?name=Bootstrap&key=STEP_THREE"}
INFO  HttpCrawler: STEP_THREE {"url":"http://localhost:3000/root?name=Bootstrap&key=STEP_THREE"}
DEBUG HttpCrawler:SessionPool: Created new Session - session_wU4Qhdl9QW
DEBUG HttpCrawler:SessionPool: Created new Session - session_MpJk3fKLBJ
DEBUG HttpCrawler:SessionPool: Created new Session - session_xme10u1TvO
DEBUG HttpCrawler: Page opened. {"label":"STEP_THREE","url":"http://localhost:3000/root?name=Backbone.js&key=STEP_THREE"}
INFO  HttpCrawler: STEP_THREE {"url":"http://localhost:3000/root?name=Backbone.js&key=STEP_THREE"}
DEBUG HttpCrawler:SessionPool: Created new Session - session_FauNaJyEu5
DEBUG HttpCrawler: Page opened. {"label":"STEP_THREE","url":"http://localhost:3000/root?name=Underscore.js&key=STEP_THREE"}
INFO  HttpCrawler: STEP_THREE {"url":"http://localhost:3000/root?name=Underscore.js&key=STEP_THREE"}
DEBUG HttpCrawler: Page opened. {"label":"STEP_THREE","url":"http://localhost:3000/root?name=Chart.js&key=STEP_THREE"}
INFO  HttpCrawler: STEP_THREE {"url":"http://localhost:3000/root?name=Chart.js&key=STEP_THREE"}
DEBUG HttpCrawler:SessionPool: Created new Session - session_YNWQO8fTWQ
DEBUG HttpCrawler: Page opened. {"label":"STEP_THREE","url":"http://localhost:3000/root?name=Moment.js&key=STEP_THREE"}
INFO  HttpCrawler: STEP_THREE {"url":"http://localhost:3000/root?name=Moment.js&key=STEP_THREE"}
DEBUG HttpCrawler:SessionPool: Created new Session - session_OGsCp4s8sj
DEBUG HttpCrawler:SessionPool: Created new Session - session_Ftn2PPJWa2
DEBUG HttpCrawler: Page opened. {"label":"STEP_THREE","url":"http://localhost:3000/root?name=Mocha&key=STEP_THREE"}
INFO  HttpCrawler: STEP_THREE {"url":"http://localhost:3000/root?name=Mocha&key=STEP_THREE"}
DEBUG HttpCrawler: Page opened. {"label":"STEP_THREE","url":"http://localhost:3000/root?name=Socket.IO&key=STEP_THREE"}
INFO  HttpCrawler: STEP_THREE {"url":"http://localhost:3000/root?name=Socket.IO&key=STEP_THREE"}
DEBUG HttpCrawler:SessionPool: Created new Session - session_3TVn9Yueod
DEBUG HttpCrawler: Page opened. {"label":"STEP_THREE","url":"http://localhost:3000/root?name=Three.js&key=STEP_THREE"}
INFO  HttpCrawler: STEP_THREE {"url":"http://localhost:3000/root?name=Three.js&key=STEP_THREE"}
DEBUG HttpCrawler: Page opened. {"label":"STEP_THREE","url":"http://localhost:3000/root?name=Gulp&key=STEP_THREE"}
INFO  HttpCrawler: STEP_THREE {"url":"http://localhost:3000/root?name=Gulp&key=STEP_THREE"}
DEBUG HttpCrawler:SessionPool: Created new Session - session_1JOdlvFGGw
DEBUG HttpCrawler:SessionPool: Created new Session - session_tcaBUG3vm6
DEBUG HttpCrawler: Page opened. {"label":"STEP_THREE","url":"http://localhost:3000/root?name=Grunt&key=STEP_THREE"}
INFO  HttpCrawler: STEP_THREE {"url":"http://localhost:3000/root?name=Grunt&key=STEP_THREE"}
DEBUG HttpCrawler: Page opened. {"label":"STEP_THREE","url":"http://localhost:3000/root?name=Jest&key=STEP_THREE"}
INFO  HttpCrawler: STEP_THREE {"url":"http://localhost:3000/root?name=Jest&key=STEP_THREE"}
INFO  HttpCrawler: All requests from the queue have been processed, the crawler will shut down.
DEBUG HttpCrawler:SessionPool: Persisting state {"persistStateKey":"SDK_SESSION_POOL_STATE"}
DEBUG Statistics: Persisting state {"persistStateKey":"SDK_CRAWLER_STATISTICS_0"}
DEBUG HttpCrawler:SessionPool: Persisting state {"persistStateKey":"SDK_SESSION_POOL_STATE"}
DEBUG Statistics: Persisting state {"persistStateKey":"SDK_CRAWLER_STATISTICS_0"}
INFO  HttpCrawler: Crawl finished. Final request statistics: {"requestsFinished":60,"requestsFailed":0,"retryHistogram":[60],"requestAvgFailedDurationMillis":null,"requestAvgFinishedDurationMillis":46,"requestsFinishedPerMinute":7843,"requestsFailedPerMinute":0,"requestTotalDurationMillis":2765,"requestsTotal":60,"crawlerRuntimeMillis":459}
ERROR Missing entries {"0":"Vue.js","1":"Angular","2":"jQuery"}
DEBUG Waiting for all event listeners to complete their execution (with 30 seconds timeout)
INFO  Actor finished successfully (exit code 0)